2022-11-04 00:08:32.3769 - INFO: A new user is trying to sign in
2022-11-04 00:08:35.9651 - INFO: Correct credentials
2022-11-04 00:36:04.7434 - INFO: A new user is trying to sign in
2022-11-04 00:36:08.1134 - INFO: Correct credentials
2022-11-04 00:47:20.9912 - INFO: A new user is trying to sign in
2022-11-04 00:47:24.6546 - INFO: Correct credentials
2022-11-04 01:35:30.4177 - INFO: A new user is trying to sign in
2022-11-04 01:35:33.8905 - INFO: Correct credentials
2022-11-04 01:53:30.4461 - INFO: A new user is trying to sign in
2022-11-04 01:53:33.4296 - INFO: Correct credentials
2022-11-04 02:12:45.9450 - INFO: A new user is trying to sign in
2022-11-04 02:12:48.9394 - INFO: Correct credentials
2022-11-04 02:22:35.4284 - INFO: A new user is trying to sign in
2022-11-04 02:22:38.7824 - INFO: Correct credentials
2022-11-04 02:23:02.4291 - ERROR: Month Name Load Failed
EXCEPTION: System.InvalidOperationException: Nullable object must have a value.
   at System.ThrowHelper.ThrowInvalidOperationException(ExceptionResource resource)
   at System.Nullable`1.get_Value()
   at FOS.Setup.ManageCity.<>c.<GetMonthsForGrid>b__79_0(Tbl_IZBillingPeriod u) in F:\ZamZamProjects\Project\Izmir\Setup\ManageCity.cs:line 2593
   at System.Linq.Enumerable.WhereSelectListIterator`2.MoveNext()
   at System.Collections.Generic.List`1..ctor(IEnumerable`1 collection)
   at System.Linq.Enumerable.ToList[TSource](IEnumerable`1 source)
   at FOS.Setup.ManageCity.GetMonthsForGrid() in F:\ZamZamProjects\Project\Izmir\Setup\ManageCity.cs:line 2591
2022-11-04 02:41:55.3464 - INFO: A new user is trying to sign in
2022-11-04 02:41:58.3566 - INFO: Correct credentials
2022-11-04 02:44:32.1066 - INFO: A new user is trying to sign in
2022-11-04 02:44:40.2414 - INFO: Correct credentials
2022-11-04 02:47:53.6988 - INFO: A new user is trying to sign in
2022-11-04 02:47:56.5146 - INFO: Correct credentials
2022-11-04 03:04:54.1480 - INFO: A new user is trying to sign in
2022-11-04 03:04:57.2462 - INFO: Correct credentials
2022-11-04 03:13:05.2380 - ERROR: Month Name Load Failed
EXCEPTION: System.Data.Entity.Core.EntityCommandExecutionException: An error occurred while reading from the store provider's data reader. See the inner exception for details. ---> System.Data.SqlClient.SqlException: Divide by zero error encountered.
   at System.Data.SqlClient.SqlConnection.OnError(SqlException exception, Boolean breakConnection, Action`1 wrapCloseInAction)
   at System.Data.SqlClient.SqlInternalConnection.OnError(SqlException exception, Boolean breakConnection, Action`1 wrapCloseInAction)
   at System.Data.SqlClient.TdsParser.ThrowExceptionAndWarning(TdsParserStateObject stateObj, Boolean callerHasConnectionLock, Boolean asyncClose)
   at System.Data.SqlClient.TdsParser.TryRun(RunBehavior runBehavior, SqlCommand cmdHandler, SqlDataReader dataStream, BulkCopySimpleResultSet bulkCopyHandler, TdsParserStateObject stateObj, Boolean& dataReady)
   at System.Data.SqlClient.SqlDataReader.TryHasMoreRows(Boolean& moreRows)
   at System.Data.SqlClient.SqlDataReader.TryReadInternal(Boolean setTimeout, Boolean& more)
   at System.Data.SqlClient.SqlDataReader.Read()
   at System.Data.Entity.Core.Common.Internal.Materialization.Shaper`1.StoreRead()
   --- End of inner exception stack trace ---
   at System.Data.Entity.Core.Common.Internal.Materialization.Shaper`1.HandleReaderException(Exception e)
   at System.Data.Entity.Core.Common.Internal.Materialization.Shaper`1.StoreRead()
   at System.Data.Entity.Core.Common.Internal.Materialization.Shaper`1.SimpleEnumerator.MoveNext()
   at System.Collections.Generic.List`1..ctor(IEnumerable`1 collection)
   at System.Linq.Enumerable.ToList[TSource](IEnumerable`1 source)
   at FOS.Setup.ManageCity.GetSummaryReadingForGrid() in F:\ZamZamProjects\Project\Izmir\Setup\ManageCity.cs:line 2829
2022-11-04 03:18:38.8409 - INFO: A new user is trying to sign in
2022-11-04 03:18:39.2467 - INFO: Correct credentials
2022-11-04 03:26:33.1735 - INFO: A new user is trying to sign in
2022-11-04 03:26:36.1069 - INFO: Correct credentials
2022-11-04 03:29:07.8067 - INFO: A new user is trying to sign in
2022-11-04 03:29:10.5391 - INFO: Correct credentials
2022-11-04 03:35:42.1760 - INFO: A new user is trying to sign in
2022-11-04 03:35:45.3073 - INFO: Correct credentials
2022-11-04 04:35:34.5160 - INFO: A new user is trying to sign in
2022-11-04 04:35:38.3520 - INFO: Correct credentials
2022-11-04 04:38:33.8103 - INFO: A new user is trying to sign in
2022-11-04 04:38:33.8303 - INFO: Correct credentials
2022-11-04 04:44:23.4818 - INFO: A new user is trying to sign in
2022-11-04 04:44:27.0226 - INFO: Correct credentials
2022-11-04 04:47:12.6352 - INFO: A new user is trying to sign in
2022-11-04 04:47:18.4759 - INFO: Correct credentials
2022-11-04 04:59:12.0909 - INFO: A new user is trying to sign in
2022-11-04 04:59:15.8437 - INFO: Correct credentials
2022-11-04 05:01:43.8098 - INFO: A new user is trying to sign in
2022-11-04 05:01:46.4723 - INFO: Correct credentials
2022-11-04 05:03:12.8690 - INFO: A new user is trying to sign in
2022-11-04 05:03:16.6594 - INFO: Correct credentials
2022-11-04 05:15:21.6720 - INFO: A new user is trying to sign in
2022-11-04 05:15:25.2486 - INFO: Correct credentials
2022-11-04 05:17:28.6403 - INFO: A new user is trying to sign in
2022-11-04 05:17:28.9840 - INFO: Correct credentials
